
> lgr_next@0.1.0 build
> next build

[baseline-browser-mapping] The data in this module is over two months old.  To ensure accurate Baseline data, please update: `npm i baseline-browser-mapping@latest -D`
   ▲ Next.js 16.0.10 (Turbopack)

   Creating an optimized production build ...
[baseline-browser-mapping] The data in this module is over two months old.  To ensure accurate Baseline data, please update: `npm i baseline-browser-mapping@latest -D`
 ✓ Compiled successfully in 2.9s
   Running TypeScript ...
   Collecting page data using 15 workers ...
[baseline-browser-mapping] The data in this module is over two months old.  To ensure accurate Baseline data, please update: `npm i baseline-browser-mapping@latest -D`
[baseline-browser-mapping] The data in this module is over two months old.  To ensure accurate Baseline data, please update: `npm i baseline-browser-mapping@latest -D`
[baseline-browser-mapping] The data in this module is over two months old.  To ensure accurate Baseline data, please update: `npm i baseline-browser-mapping@latest -D`
[baseline-browser-mapping] The data in this module is over two months old.  To ensure accurate Baseline data, please update: `npm i baseline-browser-mapping@latest -D`
[baseline-browser-mapping] The data in this module is over two months old.  To ensure accurate Baseline data, please update: `npm i baseline-browser-mapping@latest -D`
[baseline-browser-mapping] The data in this module is over two months old.  To ensure accurate Baseline data, please update: `npm i baseline-browser-mapping@latest -D`
[baseline-browser-mapping] The data in this module is over two months old.  To ensure accurate Baseline data, please update: `npm i baseline-browser-mapping@latest -D`
[baseline-browser-mapping] The data in this module is over two months old.  To ensure accurate Baseline data, please update: `npm i baseline-browser-mapping@latest -D`
[baseline-browser-mapping] The data in this module is over two months old.  To ensure accurate Baseline data, please update: `npm i baseline-browser-mapping@latest -D`
[baseline-browser-mapping] The data in this module is over two months old.  To ensure accurate Baseline data, please update: `npm i baseline-browser-mapping@latest -D`
[baseline-browser-mapping] The data in this module is over two months old.  To ensure accurate Baseline data, please update: `npm i baseline-browser-mapping@latest -D`
[baseline-browser-mapping] The data in this module is over two months old.  To ensure accurate Baseline data, please update: `npm i baseline-browser-mapping@latest -D`
[baseline-browser-mapping] The data in this module is over two months old.  To ensure accurate Baseline data, please update: `npm i baseline-browser-mapping@latest -D`
[baseline-browser-mapping] The data in this module is over two months old.  To ensure accurate Baseline data, please update: `npm i baseline-browser-mapping@latest -D`
[baseline-browser-mapping] The data in this module is over two months old.  To ensure accurate Baseline data, please update: `npm i baseline-browser-mapping@latest -D`
   Generating static pages using 15 workers (0/46) ...
[baseline-browser-mapping] The data in this module is over two months old.  To ensure accurate Baseline data, please update: `npm i baseline-browser-mapping@latest -D`
[baseline-browser-mapping] The data in this module is over two months old.  To ensure accurate Baseline data, please update: `npm i baseline-browser-mapping@latest -D`
 ⨯ useSearchParams() should be wrapped in a suspense boundary at page "/360". Read more: https://nextjs.org/docs/messages/missing-suspense-with-csr-bailout
    at S (/home/web-dev/Documents/New Projects/lgr_next/.next/server/chunks/ssr/node_modules_3080e2b7._.js:2:2111)
    at p (/home/web-dev/Documents/New Projects/lgr_next/.next/server/chunks/ssr/node_modules_3080e2b7._.js:4:4847)
    at f (/home/web-dev/Documents/New Projects/lgr_next/.next/server/chunks/ssr/_98916d3c._.js:1:1225)
    at ar (/home/web-dev/Documents/New Projects/lgr_next/node_modules/next/dist/compiled/next-server/app-page-turbo.runtime.prod.js:2:84366)
    at aa (/home/web-dev/Documents/New Projects/lgr_next/node_modules/next/dist/compiled/next-server/app-page-turbo.runtime.prod.js:2:86185)
    at as (/home/web-dev/Documents/New Projects/lgr_next/node_modules/next/dist/compiled/next-server/app-page-turbo.runtime.prod.js:2:107952)
    at ao (/home/web-dev/Documents/New Projects/lgr_next/node_modules/next/dist/compiled/next-server/app-page-turbo.runtime.prod.js:2:105374)
    at an (/home/web-dev/Documents/New Projects/lgr_next/node_modules/next/dist/compiled/next-server/app-page-turbo.runtime.prod.js:2:84718)
    at aa (/home/web-dev/Documents/New Projects/lgr_next/node_modules/next/dist/compiled/next-server/app-page-turbo.runtime.prod.js:2:86234)
    at aa (/home/web-dev/Documents/New Projects/lgr_next/node_modules/next/dist/compiled/next-server/app-page-turbo.runtime.prod.js:2:104714)
Error occurred prerendering page "/360". Read more: https://nextjs.org/docs/messages/prerender-error
Export encountered an error on /360/page: /360, exiting the build.
 ⨯ Next.js build worker exited with code: 1 and signal: null
